TN:
SF:index.js
FN:15,(anonymous_0)
FN:25,(anonymous_1)
FN:88,(anonymous_2)
FNF:3
FNH:2
FNDA:1,(anonymous_0)
FNDA:1,(anonymous_1)
FNDA:0,(anonymous_2)
DA:3,1
DA:4,1
DA:6,1
DA:7,1
DA:9,1
DA:10,1
DA:12,1
DA:13,1
DA:15,1
DA:17,1
DA:22,1
DA:26,1
DA:30,1
DA:36,1
DA:42,1
DA:48,1
DA:54,1
DA:60,1
DA:66,1
DA:72,1
DA:78,1
DA:84,1
DA:85,1
DA:88,1
DA:90,0
DA:91,0
DA:94,1
LF:27
LH:25
BRF:0
BRH:0
end_of_record
TN:
SF:handlers/addressHandlers.js
FN:4,(anonymous_0)
FN:13,(anonymous_1)
FNF:2
FNH:2
FNDA:2,(anonymous_0)
FNDA:1,(anonymous_1)
DA:1,1
DA:2,1
DA:4,1
DA:7,2
DA:9,2
DA:10,0
DA:13,2
DA:14,1
DA:17,1
LF:9
LH:8
BRDA:9,0,0,0
BRDA:9,0,1,2
BRDA:9,1,0,2
BRDA:9,1,1,2
BRF:4
BRH:3
end_of_record
TN:
SF:handlers/blockhandlers.js
FN:4,(anonymous_0)
FN:7,(anonymous_1)
FN:8,(anonymous_2)
FN:15,(anonymous_3)
FN:18,(anonymous_4)
FN:19,(anonymous_5)
FN:26,(anonymous_6)
FN:41,(anonymous_7)
FN:42,(anonymous_8)
FN:49,(anonymous_9)
FN:62,(anonymous_10)
FN:62,(anonymous_11)
FN:72,(anonymous_12)
FN:72,(anonymous_13)
FNF:14
FNH:14
FNDA:1,(anonymous_0)
FNDA:1,(anonymous_1)
FNDA:1,(anonymous_2)
FNDA:1,(anonymous_3)
FNDA:1,(anonymous_4)
FNDA:1,(anonymous_5)
FNDA:2,(anonymous_6)
FNDA:1,(anonymous_7)
FNDA:1,(anonymous_8)
FNDA:1,(anonymous_9)
FNDA:1,(anonymous_10)
FNDA:1,(anonymous_11)
FNDA:3,(anonymous_12)
FNDA:3,(anonymous_13)
DA:1,1
DA:2,1
DA:4,1
DA:7,1
DA:9,1
DA:12,1
DA:15,1
DA:18,1
DA:20,1
DA:23,1
DA:26,1
DA:27,2
DA:30,2
DA:31,2
DA:32,2
DA:33,2
DA:36,2
DA:38,0
DA:41,2
DA:43,1
DA:46,1
DA:49,1
DA:50,1
DA:53,1
DA:54,1
DA:56,1
DA:57,0
DA:58,1
DA:59,0
DA:62,1
DA:63,1
DA:66,1
DA:67,1
DA:69,1
DA:71,1
DA:72,3
DA:73,3
DA:75,3
DA:76,1
DA:81,1
LF:40
LH:37
BRDA:36,0,0,0
BRDA:36,0,1,2
BRDA:36,1,0,2
BRDA:36,1,1,2
BRDA:36,1,2,2
BRDA:56,2,0,0
BRDA:56,2,1,1
BRDA:58,3,0,0
BRDA:58,3,1,1
BRDA:75,4,0,1
BRDA:75,4,1,2
BRF:11
BRH:8
end_of_record
TN:
SF:handlers/transactionhandlers.js
FN:4,(anonymous_0)
FN:8,(anonymous_1)
FN:9,(anonymous_2)
FN:16,(anonymous_3)
FN:23,(anonymous_4)
FN:26,(anonymous_5)
FN:33,(anonymous_6)
FN:42,(anonymous_7)
FN:49,(anonymous_8)
FN:58,(anonymous_9)
FNF:10
FNH:10
FNDA:1,(anonymous_0)
FNDA:1,(anonymous_1)
FNDA:1,(anonymous_2)
FNDA:1,(anonymous_3)
FNDA:1,(anonymous_4)
FNDA:1,(anonymous_5)
FNDA:2,(anonymous_6)
FNDA:1,(anonymous_7)
FNDA:2,(anonymous_8)
FNDA:2,(anonymous_9)
DA:1,1
DA:2,1
DA:4,1
DA:8,1
DA:10,1
DA:13,1
DA:14,1
DA:16,1
DA:17,1
DA:20,1
DA:23,1
DA:24,1
DA:26,1
DA:27,1
DA:30,1
DA:33,1
DA:34,2
DA:36,2
DA:38,2
DA:39,1
DA:42,1
DA:43,1
DA:46,1
DA:49,1
DA:50,2
DA:52,2
DA:54,2
DA:55,0
DA:58,2
DA:59,2
DA:62,2
LF:31
LH:30
BRDA:38,0,0,1
BRDA:38,0,1,1
BRDA:38,1,0,2
BRDA:38,1,1,2
BRDA:54,2,0,0
BRDA:54,2,1,2
BRDA:54,3,0,2
BRDA:54,3,1,2
BRF:8
BRH:7
end_of_record
TN:
SF:routes/addresses.js
FN:1,(anonymous_0)
FNF:1
FNH:1
FNDA:1,(anonymous_0)
DA:1,1
DA:2,1
LF:2
LH:2
BRF:0
BRH:0
end_of_record
TN:
SF:routes/blocks.js
FN:1,(anonymous_0)
FN:5,(anonymous_1)
FN:9,(anonymous_2)
FN:13,(anonymous_3)
FNF:4
FNH:4
FNDA:1,(anonymous_0)
FNDA:1,(anonymous_1)
FNDA:1,(anonymous_2)
FNDA:1,(anonymous_3)
DA:1,1
DA:2,1
DA:5,1
DA:6,1
DA:9,1
DA:10,1
DA:13,1
DA:14,1
LF:8
LH:8
BRF:0
BRH:0
end_of_record
TN:
SF:routes/transactions.js
FN:1,(anonymous_0)
FN:5,(anonymous_1)
FN:9,(anonymous_2)
FN:13,(anonymous_3)
FNF:4
FNH:4
FNDA:1,(anonymous_0)
FNDA:1,(anonymous_1)
FNDA:1,(anonymous_2)
FNDA:1,(anonymous_3)
DA:1,1
DA:2,1
DA:5,1
DA:6,1
DA:9,1
DA:10,1
DA:13,1
DA:14,1
LF:8
LH:8
BRF:0
BRH:0
end_of_record
